CRITICAL - 2022-06-11 00:00:40 --> Undefined array key "id"
#0 C:\xampp\htdocs\ci4\app\Views\tes\edit.php(4): CodeIgniter\Debug\Exceptions->errorHandler(2, 'Undefined array...', 'C:\\xampp\\htdocs...', 4)
#1 C:\xampp\htdocs\ci4\system\View\View.php(210): include('C:\\xampp\\htdocs...')
#2 C:\xampp\htdocs\ci4\system\View\View.php(213): CodeIgniter\View\View->CodeIgniter\View\{closure}()
#3 C:\xampp\htdocs\ci4\system\Common.php(1089): CodeIgniter\View\View->render('tes/edit', Array, true)
#4 C:\xampp\htdocs\ci4\app\Controllers\tes.php(46): view('tes/edit', Array)
#5 C:\xampp\htdocs\ci4\system\CodeIgniter.php(832): App\Controllers\tes->edit('8')
#6 C:\xampp\htdocs\ci4\system\CodeIgniter.php(419): CodeIgniter\CodeIgniter->runController(Object(App\Controllers\tes))
#7 C:\xampp\htdocs\ci4\system\CodeIgniter.php(326): CodeIgniter\CodeIgniter->handleRequest(NULL, Object(Config\Cache), false)
#8 C:\xampp\htdocs\ci4\public\index.php(37): CodeIgniter\CodeIgniter->run()
#9 {main}
CRITICAL - 2022-06-11 00:06:40 --> Undefined variable $npm
#0 C:\xampp\htdocs\ci4\app\Views\tes\edit.php(16): CodeIgniter\Debug\Exceptions->errorHandler(2, 'Undefined varia...', 'C:\\xampp\\htdocs...', 16)
#1 C:\xampp\htdocs\ci4\system\View\View.php(210): include('C:\\xampp\\htdocs...')
#2 C:\xampp\htdocs\ci4\system\View\View.php(213): CodeIgniter\View\View->CodeIgniter\View\{closure}()
#3 C:\xampp\htdocs\ci4\system\Common.php(1089): CodeIgniter\View\View->render('tes/edit', Array, true)
#4 C:\xampp\htdocs\ci4\app\Controllers\tes.php(46): view('tes/edit', Array)
#5 C:\xampp\htdocs\ci4\system\CodeIgniter.php(832): App\Controllers\tes->edit('8')
#6 C:\xampp\htdocs\ci4\system\CodeIgniter.php(419): CodeIgniter\CodeIgniter->runController(Object(App\Controllers\tes))
#7 C:\xampp\htdocs\ci4\system\CodeIgniter.php(326): CodeIgniter\CodeIgniter->handleRequest(NULL, Object(Config\Cache), false)
#8 C:\xampp\htdocs\ci4\public\index.php(37): CodeIgniter\CodeIgniter->run()
#9 {main}
CRITICAL - 2022-06-11 00:13:27 --> Undefined array key "id"
#0 C:\xampp\htdocs\ci4\app\Views\tes\edit.php(4): CodeIgniter\Debug\Exceptions->errorHandler(2, 'Undefined array...', 'C:\\xampp\\htdocs...', 4)
#1 C:\xampp\htdocs\ci4\system\View\View.php(210): include('C:\\xampp\\htdocs...')
#2 C:\xampp\htdocs\ci4\system\View\View.php(213): CodeIgniter\View\View->CodeIgniter\View\{closure}()
#3 C:\xampp\htdocs\ci4\system\Common.php(1089): CodeIgniter\View\View->render('tes/edit', Array, true)
#4 C:\xampp\htdocs\ci4\app\Controllers\tes.php(46): view('tes/edit', Array)
#5 C:\xampp\htdocs\ci4\system\CodeIgniter.php(832): App\Controllers\tes->edit('8')
#6 C:\xampp\htdocs\ci4\system\CodeIgniter.php(419): CodeIgniter\CodeIgniter->runController(Object(App\Controllers\tes))
#7 C:\xampp\htdocs\ci4\system\CodeIgniter.php(326): CodeIgniter\CodeIgniter->handleRequest(NULL, Object(Config\Cache), false)
#8 C:\xampp\htdocs\ci4\public\index.php(37): CodeIgniter\CodeIgniter->run()
#9 {main}
CRITICAL - 2022-06-11 00:14:20 --> Undefined array key "id"
#0 C:\xampp\htdocs\ci4\app\Views\tes\edit.php(4): CodeIgniter\Debug\Exceptions->errorHandler(2, 'Undefined array...', 'C:\\xampp\\htdocs...', 4)
#1 C:\xampp\htdocs\ci4\system\View\View.php(210): include('C:\\xampp\\htdocs...')
#2 C:\xampp\htdocs\ci4\system\View\View.php(213): CodeIgniter\View\View->CodeIgniter\View\{closure}()
#3 C:\xampp\htdocs\ci4\system\Common.php(1089): CodeIgniter\View\View->render('tes/edit', Array, true)
#4 C:\xampp\htdocs\ci4\app\Controllers\tes.php(46): view('tes/edit', Array)
#5 C:\xampp\htdocs\ci4\system\CodeIgniter.php(832): App\Controllers\tes->edit('8')
#6 C:\xampp\htdocs\ci4\system\CodeIgniter.php(419): CodeIgniter\CodeIgniter->runController(Object(App\Controllers\tes))
#7 C:\xampp\htdocs\ci4\system\CodeIgniter.php(326): CodeIgniter\CodeIgniter->handleRequest(NULL, Object(Config\Cache), false)
#8 C:\xampp\htdocs\ci4\public\index.php(37): CodeIgniter\CodeIgniter->run()
#9 {main}
CRITICAL - 2022-06-11 00:17:18 --> syntax error, unexpected token ";", expecting "]"
#0 C:\xampp\htdocs\ci4\system\Router\Router.php(175): CodeIgniter\Router\Router->autoRoute('tes/edit/8')
#1 C:\xampp\htdocs\ci4\system\CodeIgniter.php(726): CodeIgniter\Router\Router->handle('tes/edit/8')
#2 C:\xampp\htdocs\ci4\system\CodeIgniter.php(368): CodeIgniter\CodeIgniter->tryToRouteIt(Object(CodeIgniter\Router\RouteCollection))
#3 C:\xampp\htdocs\ci4\system\CodeIgniter.php(326): CodeIgniter\CodeIgniter->handleRequest(NULL, Object(Config\Cache), false)
#4 C:\xampp\htdocs\ci4\public\index.php(37): CodeIgniter\CodeIgniter->run()
#5 {main}
CRITICAL - 2022-06-11 00:18:06 --> Undefined array key "id"
#0 C:\xampp\htdocs\ci4\app\Views\tes\edit.php(4): CodeIgniter\Debug\Exceptions->errorHandler(2, 'Undefined array...', 'C:\\xampp\\htdocs...', 4)
#1 C:\xampp\htdocs\ci4\system\View\View.php(210): include('C:\\xampp\\htdocs...')
#2 C:\xampp\htdocs\ci4\system\View\View.php(213): CodeIgniter\View\View->CodeIgniter\View\{closure}()
#3 C:\xampp\htdocs\ci4\system\Common.php(1089): CodeIgniter\View\View->render('tes/edit', Array, true)
#4 C:\xampp\htdocs\ci4\app\Controllers\tes.php(46): view('tes/edit', Array)
#5 C:\xampp\htdocs\ci4\system\CodeIgniter.php(832): App\Controllers\tes->edit('8')
#6 C:\xampp\htdocs\ci4\system\CodeIgniter.php(419): CodeIgniter\CodeIgniter->runController(Object(App\Controllers\tes))
#7 C:\xampp\htdocs\ci4\system\CodeIgniter.php(326): CodeIgniter\CodeIgniter->handleRequest(NULL, Object(Config\Cache), false)
#8 C:\xampp\htdocs\ci4\public\index.php(37): CodeIgniter\CodeIgniter->run()
#9 {main}
CRITICAL - 2022-06-11 00:18:10 --> Undefined array key "id"
#0 C:\xampp\htdocs\ci4\app\Views\tes\edit.php(4): CodeIgniter\Debug\Exceptions->errorHandler(2, 'Undefined array...', 'C:\\xampp\\htdocs...', 4)
#1 C:\xampp\htdocs\ci4\system\View\View.php(210): include('C:\\xampp\\htdocs...')
#2 C:\xampp\htdocs\ci4\system\View\View.php(213): CodeIgniter\View\View->CodeIgniter\View\{closure}()
#3 C:\xampp\htdocs\ci4\system\Common.php(1089): CodeIgniter\View\View->render('tes/edit', Array, true)
#4 C:\xampp\htdocs\ci4\app\Controllers\tes.php(46): view('tes/edit', Array)
#5 C:\xampp\htdocs\ci4\system\CodeIgniter.php(832): App\Controllers\tes->edit('8')
#6 C:\xampp\htdocs\ci4\system\CodeIgniter.php(419): CodeIgniter\CodeIgniter->runController(Object(App\Controllers\tes))
#7 C:\xampp\htdocs\ci4\system\CodeIgniter.php(326): CodeIgniter\CodeIgniter->handleRequest(NULL, Object(Config\Cache), false)
#8 C:\xampp\htdocs\ci4\public\index.php(37): CodeIgniter\CodeIgniter->run()
#9 {main}
CRITICAL - 2022-06-11 00:26:10 --> Undefined array key "npm"
#0 C:\xampp\htdocs\ci4\app\Views\tes\edit.php(5): CodeIgniter\Debug\Exceptions->errorHandler(2, 'Undefined array...', 'C:\\xampp\\htdocs...', 5)
#1 C:\xampp\htdocs\ci4\system\View\View.php(210): include('C:\\xampp\\htdocs...')
#2 C:\xampp\htdocs\ci4\system\View\View.php(213): CodeIgniter\View\View->CodeIgniter\View\{closure}()
#3 C:\xampp\htdocs\ci4\system\Common.php(1089): CodeIgniter\View\View->render('tes/edit', Array, true)
#4 C:\xampp\htdocs\ci4\app\Controllers\tes.php(46): view('tes/edit', Array)
#5 C:\xampp\htdocs\ci4\system\CodeIgniter.php(832): App\Controllers\tes->edit('8')
#6 C:\xampp\htdocs\ci4\system\CodeIgniter.php(419): CodeIgniter\CodeIgniter->runController(Object(App\Controllers\tes))
#7 C:\xampp\htdocs\ci4\system\CodeIgniter.php(326): CodeIgniter\CodeIgniter->handleRequest(NULL, Object(Config\Cache), false)
#8 C:\xampp\htdocs\ci4\public\index.php(37): CodeIgniter\CodeIgniter->run()
#9 {main}
CRITICAL - 2022-06-11 00:26:26 --> Undefined array key "id"
#0 C:\xampp\htdocs\ci4\app\Views\tes\edit.php(4): CodeIgniter\Debug\Exceptions->errorHandler(2, 'Undefined array...', 'C:\\xampp\\htdocs...', 4)
#1 C:\xampp\htdocs\ci4\system\View\View.php(210): include('C:\\xampp\\htdocs...')
#2 C:\xampp\htdocs\ci4\system\View\View.php(213): CodeIgniter\View\View->CodeIgniter\View\{closure}()
#3 C:\xampp\htdocs\ci4\system\Common.php(1089): CodeIgniter\View\View->render('tes/edit', Array, true)
#4 C:\xampp\htdocs\ci4\app\Controllers\tes.php(46): view('tes/edit', Array)
#5 C:\xampp\htdocs\ci4\system\CodeIgniter.php(832): App\Controllers\tes->edit('8')
#6 C:\xampp\htdocs\ci4\system\CodeIgniter.php(419): CodeIgniter\CodeIgniter->runController(Object(App\Controllers\tes))
#7 C:\xampp\htdocs\ci4\system\CodeIgniter.php(326): CodeIgniter\CodeIgniter->handleRequest(NULL, Object(Config\Cache), false)
#8 C:\xampp\htdocs\ci4\public\index.php(37): CodeIgniter\CodeIgniter->run()
#9 {main}
CRITICAL - 2022-06-11 00:26:44 --> syntax error, unexpected token ";"
#0 C:\xampp\htdocs\ci4\system\View\View.php(213): CodeIgniter\View\View->CodeIgniter\View\{closure}()
#1 C:\xampp\htdocs\ci4\system\Common.php(1089): CodeIgniter\View\View->render('tes/edit', Array, true)
#2 C:\xampp\htdocs\ci4\app\Controllers\tes.php(46): view('tes/edit', Array)
#3 C:\xampp\htdocs\ci4\system\CodeIgniter.php(832): App\Controllers\tes->edit('8')
#4 C:\xampp\htdocs\ci4\system\CodeIgniter.php(419): CodeIgniter\CodeIgniter->runController(Object(App\Controllers\tes))
#5 C:\xampp\htdocs\ci4\system\CodeIgniter.php(326): CodeIgniter\CodeIgniter->handleRequest(NULL, Object(Config\Cache), false)
#6 C:\xampp\htdocs\ci4\public\index.php(37): CodeIgniter\CodeIgniter->run()
#7 {main}
CRITICAL - 2022-06-11 00:27:05 --> syntax error, unexpected token ","
#0 C:\xampp\htdocs\ci4\system\View\View.php(213): CodeIgniter\View\View->CodeIgniter\View\{closure}()
#1 C:\xampp\htdocs\ci4\system\Common.php(1089): CodeIgniter\View\View->render('tes/edit', Array, true)
#2 C:\xampp\htdocs\ci4\app\Controllers\tes.php(46): view('tes/edit', Array)
#3 C:\xampp\htdocs\ci4\system\CodeIgniter.php(832): App\Controllers\tes->edit('8')
#4 C:\xampp\htdocs\ci4\system\CodeIgniter.php(419): CodeIgniter\CodeIgniter->runController(Object(App\Controllers\tes))
#5 C:\xampp\htdocs\ci4\system\CodeIgniter.php(326): CodeIgniter\CodeIgniter->handleRequest(NULL, Object(Config\Cache), false)
#6 C:\xampp\htdocs\ci4\public\index.php(37): CodeIgniter\CodeIgniter->run()
#7 {main}
CRITICAL - 2022-06-11 00:27:14 --> syntax error, unexpected variable "$npm"
#0 C:\xampp\htdocs\ci4\system\View\View.php(213): CodeIgniter\View\View->CodeIgniter\View\{closure}()
#1 C:\xampp\htdocs\ci4\system\Common.php(1089): CodeIgniter\View\View->render('tes/edit', Array, true)
#2 C:\xampp\htdocs\ci4\app\Controllers\tes.php(46): view('tes/edit', Array)
#3 C:\xampp\htdocs\ci4\system\CodeIgniter.php(832): App\Controllers\tes->edit('8')
#4 C:\xampp\htdocs\ci4\system\CodeIgniter.php(419): CodeIgniter\CodeIgniter->runController(Object(App\Controllers\tes))
#5 C:\xampp\htdocs\ci4\system\CodeIgniter.php(326): CodeIgniter\CodeIgniter->handleRequest(NULL, Object(Config\Cache), false)
#6 C:\xampp\htdocs\ci4\public\index.php(37): CodeIgniter\CodeIgniter->run()
#7 {main}
CRITICAL - 2022-06-11 00:27:37 --> syntax error, unexpected variable "$npm"
#0 C:\xampp\htdocs\ci4\system\View\View.php(213): CodeIgniter\View\View->CodeIgniter\View\{closure}()
#1 C:\xampp\htdocs\ci4\system\Common.php(1089): CodeIgniter\View\View->render('tes/edit', Array, true)
#2 C:\xampp\htdocs\ci4\app\Controllers\tes.php(46): view('tes/edit', Array)
#3 C:\xampp\htdocs\ci4\system\CodeIgniter.php(832): App\Controllers\tes->edit('8')
#4 C:\xampp\htdocs\ci4\system\CodeIgniter.php(419): CodeIgniter\CodeIgniter->runController(Object(App\Controllers\tes))
#5 C:\xampp\htdocs\ci4\system\CodeIgniter.php(326): CodeIgniter\CodeIgniter->handleRequest(NULL, Object(Config\Cache), false)
#6 C:\xampp\htdocs\ci4\public\index.php(37): CodeIgniter\CodeIgniter->run()
#7 {main}
CRITICAL - 2022-06-11 00:27:40 --> syntax error, unexpected variable "$npm"
#0 C:\xampp\htdocs\ci4\system\View\View.php(213): CodeIgniter\View\View->CodeIgniter\View\{closure}()
#1 C:\xampp\htdocs\ci4\system\Common.php(1089): CodeIgniter\View\View->render('tes/edit', Array, true)
#2 C:\xampp\htdocs\ci4\app\Controllers\tes.php(46): view('tes/edit', Array)
#3 C:\xampp\htdocs\ci4\system\CodeIgniter.php(832): App\Controllers\tes->edit('8')
#4 C:\xampp\htdocs\ci4\system\CodeIgniter.php(419): CodeIgniter\CodeIgniter->runController(Object(App\Controllers\tes))
#5 C:\xampp\htdocs\ci4\system\CodeIgniter.php(326): CodeIgniter\CodeIgniter->handleRequest(NULL, Object(Config\Cache), false)
#6 C:\xampp\htdocs\ci4\public\index.php(37): CodeIgniter\CodeIgniter->run()
#7 {main}
CRITICAL - 2022-06-11 00:37:39 --> There is no data to update.
#0 C:\xampp\htdocs\ci4\system\BaseModel.php(1574): CodeIgniter\Database\Exceptions\DataException::forEmptyDataset('update')
#1 C:\xampp\htdocs\ci4\system\BaseModel.php(832): CodeIgniter\BaseModel->transformDataToArray(NULL, 'update')
#2 C:\xampp\htdocs\ci4\system\Model.php(651): CodeIgniter\BaseModel->update(Array, NULL)
#3 C:\xampp\htdocs\ci4\app\Controllers\tes.php(55): CodeIgniter\Model->update(Array)
#4 C:\xampp\htdocs\ci4\system\CodeIgniter.php(832): App\Controllers\tes->proses_edit()
#5 C:\xampp\htdocs\ci4\system\CodeIgniter.php(419): CodeIgniter\CodeIgniter->runController(Object(App\Controllers\tes))
#6 C:\xampp\htdocs\ci4\system\CodeIgniter.php(326): CodeIgniter\CodeIgniter->handleRequest(NULL, Object(Config\Cache), false)
#7 C:\xampp\htdocs\ci4\public\index.php(37): CodeIgniter\CodeIgniter->run()
#8 {main}
CRITICAL - 2022-06-11 00:37:48 --> There is no data to update.
#0 C:\xampp\htdocs\ci4\system\BaseModel.php(1574): CodeIgniter\Database\Exceptions\DataException::forEmptyDataset('update')
#1 C:\xampp\htdocs\ci4\system\BaseModel.php(832): CodeIgniter\BaseModel->transformDataToArray(NULL, 'update')
#2 C:\xampp\htdocs\ci4\system\Model.php(651): CodeIgniter\BaseModel->update(Array, NULL)
#3 C:\xampp\htdocs\ci4\app\Controllers\tes.php(55): CodeIgniter\Model->update(Array)
#4 C:\xampp\htdocs\ci4\system\CodeIgniter.php(832): App\Controllers\tes->proses_edit()
#5 C:\xampp\htdocs\ci4\system\CodeIgniter.php(419): CodeIgniter\CodeIgniter->runController(Object(App\Controllers\tes))
#6 C:\xampp\htdocs\ci4\system\CodeIgniter.php(326): CodeIgniter\CodeIgniter->handleRequest(NULL, Object(Config\Cache), false)
#7 C:\xampp\htdocs\ci4\public\index.php(37): CodeIgniter\CodeIgniter->run()
#8 {main}
CRITICAL - 2022-06-11 00:37:55 --> There is no data to update.
#0 C:\xampp\htdocs\ci4\system\BaseModel.php(1574): CodeIgniter\Database\Exceptions\DataException::forEmptyDataset('update')
#1 C:\xampp\htdocs\ci4\system\BaseModel.php(832): CodeIgniter\BaseModel->transformDataToArray(NULL, 'update')
#2 C:\xampp\htdocs\ci4\system\Model.php(651): CodeIgniter\BaseModel->update(Array, NULL)
#3 C:\xampp\htdocs\ci4\app\Controllers\tes.php(55): CodeIgniter\Model->update(Array)
#4 C:\xampp\htdocs\ci4\system\CodeIgniter.php(832): App\Controllers\tes->proses_edit()
#5 C:\xampp\htdocs\ci4\system\CodeIgniter.php(419): CodeIgniter\CodeIgniter->runController(Object(App\Controllers\tes))
#6 C:\xampp\htdocs\ci4\system\CodeIgniter.php(326): CodeIgniter\CodeIgniter->handleRequest(NULL, Object(Config\Cache), false)
#7 C:\xampp\htdocs\ci4\public\index.php(37): CodeIgniter\CodeIgniter->run()
#8 {main}
CRITICAL - 2022-06-11 00:38:19 --> There is no data to update.
#0 C:\xampp\htdocs\ci4\system\BaseModel.php(1574): CodeIgniter\Database\Exceptions\DataException::forEmptyDataset('update')
#1 C:\xampp\htdocs\ci4\system\BaseModel.php(832): CodeIgniter\BaseModel->transformDataToArray(NULL, 'update')
#2 C:\xampp\htdocs\ci4\system\Model.php(651): CodeIgniter\BaseModel->update(Array, NULL)
#3 C:\xampp\htdocs\ci4\app\Controllers\tes.php(55): CodeIgniter\Model->update(Array)
#4 C:\xampp\htdocs\ci4\system\CodeIgniter.php(832): App\Controllers\tes->proses_edit()
#5 C:\xampp\htdocs\ci4\system\CodeIgniter.php(419): CodeIgniter\CodeIgniter->runController(Object(App\Controllers\tes))
#6 C:\xampp\htdocs\ci4\system\CodeIgniter.php(326): CodeIgniter\CodeIgniter->handleRequest(NULL, Object(Config\Cache), false)
#7 C:\xampp\htdocs\ci4\public\index.php(37): CodeIgniter\CodeIgniter->run()
#8 {main}
CRITICAL - 2022-06-11 00:42:49 --> There is no data to update.
#0 C:\xampp\htdocs\ci4\system\BaseModel.php(1574): CodeIgniter\Database\Exceptions\DataException::forEmptyDataset('update')
#1 C:\xampp\htdocs\ci4\system\BaseModel.php(832): CodeIgniter\BaseModel->transformDataToArray(NULL, 'update')
#2 C:\xampp\htdocs\ci4\system\Model.php(651): CodeIgniter\BaseModel->update(Array, NULL)
#3 C:\xampp\htdocs\ci4\app\Controllers\tes.php(55): CodeIgniter\Model->update(Array)
#4 C:\xampp\htdocs\ci4\system\CodeIgniter.php(832): App\Controllers\tes->proses_edit()
#5 C:\xampp\htdocs\ci4\system\CodeIgniter.php(419): CodeIgniter\CodeIgniter->runController(Object(App\Controllers\tes))
#6 C:\xampp\htdocs\ci4\system\CodeIgniter.php(326): CodeIgniter\CodeIgniter->handleRequest(NULL, Object(Config\Cache), false)
#7 C:\xampp\htdocs\ci4\public\index.php(37): CodeIgniter\CodeIgniter->run()
#8 {main}
CRITICAL - 2022-06-11 00:43:15 --> There is no data to update.
#0 C:\xampp\htdocs\ci4\system\BaseModel.php(1574): CodeIgniter\Database\Exceptions\DataException::forEmptyDataset('update')
#1 C:\xampp\htdocs\ci4\system\BaseModel.php(832): CodeIgniter\BaseModel->transformDataToArray(NULL, 'update')
#2 C:\xampp\htdocs\ci4\system\Model.php(651): CodeIgniter\BaseModel->update(Array, NULL)
#3 C:\xampp\htdocs\ci4\app\Controllers\tes.php(55): CodeIgniter\Model->update(Array)
#4 C:\xampp\htdocs\ci4\system\CodeIgniter.php(832): App\Controllers\tes->proses_edit()
#5 C:\xampp\htdocs\ci4\system\CodeIgniter.php(419): CodeIgniter\CodeIgniter->runController(Object(App\Controllers\tes))
#6 C:\xampp\htdocs\ci4\system\CodeIgniter.php(326): CodeIgniter\CodeIgniter->handleRequest(NULL, Object(Config\Cache), false)
#7 C:\xampp\htdocs\ci4\public\index.php(37): CodeIgniter\CodeIgniter->run()
#8 {main}
CRITICAL - 2022-06-11 00:45:26 --> There is no data to update.
#0 C:\xampp\htdocs\ci4\system\BaseModel.php(1574): CodeIgniter\Database\Exceptions\DataException::forEmptyDataset('update')
#1 C:\xampp\htdocs\ci4\system\BaseModel.php(832): CodeIgniter\BaseModel->transformDataToArray(NULL, 'update')
#2 C:\xampp\htdocs\ci4\system\Model.php(651): CodeIgniter\BaseModel->update(Array, NULL)
#3 C:\xampp\htdocs\ci4\app\Controllers\tes.php(55): CodeIgniter\Model->update(Array)
#4 C:\xampp\htdocs\ci4\system\CodeIgniter.php(832): App\Controllers\tes->proses_edit()
#5 C:\xampp\htdocs\ci4\system\CodeIgniter.php(419): CodeIgniter\CodeIgniter->runController(Object(App\Controllers\tes))
#6 C:\xampp\htdocs\ci4\system\CodeIgniter.php(326): CodeIgniter\CodeIgniter->handleRequest(NULL, Object(Config\Cache), false)
#7 C:\xampp\htdocs\ci4\public\index.php(37): CodeIgniter\CodeIgniter->run()
#8 {main}
CRITICAL - 2022-06-11 00:55:21 --> There is no data to update.
#0 C:\xampp\htdocs\ci4\system\BaseModel.php(1574): CodeIgniter\Database\Exceptions\DataException::forEmptyDataset('update')
#1 C:\xampp\htdocs\ci4\system\BaseModel.php(832): CodeIgniter\BaseModel->transformDataToArray(NULL, 'update')
#2 C:\xampp\htdocs\ci4\system\Model.php(651): CodeIgniter\BaseModel->update(Array, NULL)
#3 C:\xampp\htdocs\ci4\app\Controllers\tes.php(55): CodeIgniter\Model->update(Array)
#4 C:\xampp\htdocs\ci4\system\CodeIgniter.php(832): App\Controllers\tes->proses_edit()
#5 C:\xampp\htdocs\ci4\system\CodeIgniter.php(419): CodeIgniter\CodeIgniter->runController(Object(App\Controllers\tes))
#6 C:\xampp\htdocs\ci4\system\CodeIgniter.php(326): CodeIgniter\CodeIgniter->handleRequest(NULL, Object(Config\Cache), false)
#7 C:\xampp\htdocs\ci4\public\index.php(37): CodeIgniter\CodeIgniter->run()
#8 {main}
ERROR - 2022-06-11 23:24:05 --> Column 'npm' cannot be null
CRITICAL - 2022-06-11 23:24:05 --> Column 'npm' cannot be null
#0 C:\xampp\htdocs\ci4\system\Database\MySQLi\Connection.php(292): mysqli->query('INSERT INTO `mh...', 0)
#1 C:\xampp\htdocs\ci4\system\Database\BaseConnection.php(670): CodeIgniter\Database\MySQLi\Connection->execute('INSERT INTO `mh...')
#2 C:\xampp\htdocs\ci4\system\Database\BaseConnection.php(598): CodeIgniter\Database\BaseConnection->simpleQuery('INSERT INTO `mh...')
#3 C:\xampp\htdocs\ci4\system\Database\BaseBuilder.php(1771): CodeIgniter\Database\BaseConnection->query('INSERT INTO `mh...', Array, false)
#4 C:\xampp\htdocs\ci4\system\Model.php(239): CodeIgniter\Database\BaseBuilder->insert()
#5 C:\xampp\htdocs\ci4\system\BaseModel.php(738): CodeIgniter\Model->doInsert(Array)
#6 C:\xampp\htdocs\ci4\system\Model.php(625): CodeIgniter\BaseModel->insert(Array, true)
#7 C:\xampp\htdocs\ci4\app\Controllers\tes.php(31): CodeIgniter\Model->insert(Array)
#8 C:\xampp\htdocs\ci4\system\CodeIgniter.php(832): App\Controllers\tes->store()
#9 C:\xampp\htdocs\ci4\system\CodeIgniter.php(419): CodeIgniter\CodeIgniter->runController(Object(App\Controllers\tes))
#10 C:\xampp\htdocs\ci4\system\CodeIgniter.php(326): CodeIgniter\CodeIgniter->handleRequest(NULL, Object(Config\Cache), false)
#11 C:\xampp\htdocs\ci4\public\index.php(37): CodeIgniter\CodeIgniter->run()
#12 {main}
ERROR - 2022-06-11 23:24:23 --> Column 'npm' cannot be null
CRITICAL - 2022-06-11 23:24:23 --> Column 'npm' cannot be null
#0 C:\xampp\htdocs\ci4\system\Database\MySQLi\Connection.php(292): mysqli->query('INSERT INTO `mh...', 0)
#1 C:\xampp\htdocs\ci4\system\Database\BaseConnection.php(670): CodeIgniter\Database\MySQLi\Connection->execute('INSERT INTO `mh...')
#2 C:\xampp\htdocs\ci4\system\Database\BaseConnection.php(598): CodeIgniter\Database\BaseConnection->simpleQuery('INSERT INTO `mh...')
#3 C:\xampp\htdocs\ci4\system\Database\BaseBuilder.php(1771): CodeIgniter\Database\BaseConnection->query('INSERT INTO `mh...', Array, false)
#4 C:\xampp\htdocs\ci4\system\Model.php(239): CodeIgniter\Database\BaseBuilder->insert()
#5 C:\xampp\htdocs\ci4\system\BaseModel.php(738): CodeIgniter\Model->doInsert(Array)
#6 C:\xampp\htdocs\ci4\system\Model.php(625): CodeIgniter\BaseModel->insert(Array, true)
#7 C:\xampp\htdocs\ci4\app\Controllers\tes.php(31): CodeIgniter\Model->insert(Array)
#8 C:\xampp\htdocs\ci4\system\CodeIgniter.php(832): App\Controllers\tes->store()
#9 C:\xampp\htdocs\ci4\system\CodeIgniter.php(419): CodeIgniter\CodeIgniter->runController(Object(App\Controllers\tes))
#10 C:\xampp\htdocs\ci4\system\CodeIgniter.php(326): CodeIgniter\CodeIgniter->handleRequest(NULL, Object(Config\Cache), false)
#11 C:\xampp\htdocs\ci4\public\index.php(37): CodeIgniter\CodeIgniter->run()
#12 {main}
ERROR - 2022-06-11 23:24:54 --> Column 'npm' cannot be null
CRITICAL - 2022-06-11 23:24:54 --> Column 'npm' cannot be null
#0 C:\xampp\htdocs\ci4\system\Database\MySQLi\Connection.php(292): mysqli->query('INSERT INTO `mh...', 0)
#1 C:\xampp\htdocs\ci4\system\Database\BaseConnection.php(670): CodeIgniter\Database\MySQLi\Connection->execute('INSERT INTO `mh...')
#2 C:\xampp\htdocs\ci4\system\Database\BaseConnection.php(598): CodeIgniter\Database\BaseConnection->simpleQuery('INSERT INTO `mh...')
#3 C:\xampp\htdocs\ci4\system\Database\BaseBuilder.php(1771): CodeIgniter\Database\BaseConnection->query('INSERT INTO `mh...', Array, false)
#4 C:\xampp\htdocs\ci4\system\Model.php(239): CodeIgniter\Database\BaseBuilder->insert()
#5 C:\xampp\htdocs\ci4\system\BaseModel.php(738): CodeIgniter\Model->doInsert(Array)
#6 C:\xampp\htdocs\ci4\system\Model.php(625): CodeIgniter\BaseModel->insert(Array, true)
#7 C:\xampp\htdocs\ci4\app\Controllers\tes.php(31): CodeIgniter\Model->insert(Array)
#8 C:\xampp\htdocs\ci4\system\CodeIgniter.php(832): App\Controllers\tes->store()
#9 C:\xampp\htdocs\ci4\system\CodeIgniter.php(419): CodeIgniter\CodeIgniter->runController(Object(App\Controllers\tes))
#10 C:\xampp\htdocs\ci4\system\CodeIgniter.php(326): CodeIgniter\CodeIgniter->handleRequest(NULL, Object(Config\Cache), false)
#11 C:\xampp\htdocs\ci4\public\index.php(37): CodeIgniter\CodeIgniter->run()
#12 {main}
ERROR - 2022-06-11 23:27:14 --> Column 'npm' cannot be null
CRITICAL - 2022-06-11 23:27:14 --> Column 'npm' cannot be null
#0 C:\xampp\htdocs\ci4\system\Database\MySQLi\Connection.php(292): mysqli->query('INSERT INTO `mh...', 0)
#1 C:\xampp\htdocs\ci4\system\Database\BaseConnection.php(670): CodeIgniter\Database\MySQLi\Connection->execute('INSERT INTO `mh...')
#2 C:\xampp\htdocs\ci4\system\Database\BaseConnection.php(598): CodeIgniter\Database\BaseConnection->simpleQuery('INSERT INTO `mh...')
#3 C:\xampp\htdocs\ci4\system\Database\BaseBuilder.php(1771): CodeIgniter\Database\BaseConnection->query('INSERT INTO `mh...', Array, false)
#4 C:\xampp\htdocs\ci4\system\Model.php(239): CodeIgniter\Database\BaseBuilder->insert()
#5 C:\xampp\htdocs\ci4\system\BaseModel.php(738): CodeIgniter\Model->doInsert(Array)
#6 C:\xampp\htdocs\ci4\system\Model.php(625): CodeIgniter\BaseModel->insert(Array, true)
#7 C:\xampp\htdocs\ci4\app\Controllers\tes.php(31): CodeIgniter\Model->insert(Array)
#8 C:\xampp\htdocs\ci4\system\CodeIgniter.php(832): App\Controllers\tes->store()
#9 C:\xampp\htdocs\ci4\system\CodeIgniter.php(419): CodeIgniter\CodeIgniter->runController(Object(App\Controllers\tes))
#10 C:\xampp\htdocs\ci4\system\CodeIgniter.php(326): CodeIgniter\CodeIgniter->handleRequest(NULL, Object(Config\Cache), false)
#11 C:\xampp\htdocs\ci4\public\index.php(37): CodeIgniter\CodeIgniter->run()
#12 {main}
ERROR - 2022-06-11 23:27:19 --> Column 'npm' cannot be null
CRITICAL - 2022-06-11 23:27:19 --> Column 'npm' cannot be null
#0 C:\xampp\htdocs\ci4\system\Database\MySQLi\Connection.php(292): mysqli->query('INSERT INTO `mh...', 0)
#1 C:\xampp\htdocs\ci4\system\Database\BaseConnection.php(670): CodeIgniter\Database\MySQLi\Connection->execute('INSERT INTO `mh...')
#2 C:\xampp\htdocs\ci4\system\Database\BaseConnection.php(598): CodeIgniter\Database\BaseConnection->simpleQuery('INSERT INTO `mh...')
#3 C:\xampp\htdocs\ci4\system\Database\BaseBuilder.php(1771): CodeIgniter\Database\BaseConnection->query('INSERT INTO `mh...', Array, false)
#4 C:\xampp\htdocs\ci4\system\Model.php(239): CodeIgniter\Database\BaseBuilder->insert()
#5 C:\xampp\htdocs\ci4\system\BaseModel.php(738): CodeIgniter\Model->doInsert(Array)
#6 C:\xampp\htdocs\ci4\system\Model.php(625): CodeIgniter\BaseModel->insert(Array, true)
#7 C:\xampp\htdocs\ci4\app\Controllers\tes.php(31): CodeIgniter\Model->insert(Array)
#8 C:\xampp\htdocs\ci4\system\CodeIgniter.php(832): App\Controllers\tes->store()
#9 C:\xampp\htdocs\ci4\system\CodeIgniter.php(419): CodeIgniter\CodeIgniter->runController(Object(App\Controllers\tes))
#10 C:\xampp\htdocs\ci4\system\CodeIgniter.php(326): CodeIgniter\CodeIgniter->handleRequest(NULL, Object(Config\Cache), false)
#11 C:\xampp\htdocs\ci4\public\index.php(37): CodeIgniter\CodeIgniter->run()
#12 {main}
ERROR - 2022-06-11 23:27:31 --> Column 'npm' cannot be null
CRITICAL - 2022-06-11 23:27:31 --> Column 'npm' cannot be null
#0 C:\xampp\htdocs\ci4\system\Database\MySQLi\Connection.php(292): mysqli->query('INSERT INTO `mh...', 0)
#1 C:\xampp\htdocs\ci4\system\Database\BaseConnection.php(670): CodeIgniter\Database\MySQLi\Connection->execute('INSERT INTO `mh...')
#2 C:\xampp\htdocs\ci4\system\Database\BaseConnection.php(598): CodeIgniter\Database\BaseConnection->simpleQuery('INSERT INTO `mh...')
#3 C:\xampp\htdocs\ci4\system\Database\BaseBuilder.php(1771): CodeIgniter\Database\BaseConnection->query('INSERT INTO `mh...', Array, false)
#4 C:\xampp\htdocs\ci4\system\Model.php(239): CodeIgniter\Database\BaseBuilder->insert()
#5 C:\xampp\htdocs\ci4\system\BaseModel.php(738): CodeIgniter\Model->doInsert(Array)
#6 C:\xampp\htdocs\ci4\system\Model.php(625): CodeIgniter\BaseModel->insert(Array, true)
#7 C:\xampp\htdocs\ci4\app\Controllers\tes.php(31): CodeIgniter\Model->insert(Array)
#8 C:\xampp\htdocs\ci4\system\CodeIgniter.php(832): App\Controllers\tes->store()
#9 C:\xampp\htdocs\ci4\system\CodeIgniter.php(419): CodeIgniter\CodeIgniter->runController(Object(App\Controllers\tes))
#10 C:\xampp\htdocs\ci4\system\CodeIgniter.php(326): CodeIgniter\CodeIgniter->handleRequest(NULL, Object(Config\Cache), false)
#11 C:\xampp\htdocs\ci4\public\index.php(37): CodeIgniter\CodeIgniter->run()
#12 {main}
ERROR - 2022-06-11 23:28:12 --> Column 'npm' cannot be null
CRITICAL - 2022-06-11 23:28:12 --> Column 'npm' cannot be null
#0 C:\xampp\htdocs\ci4\system\Database\MySQLi\Connection.php(292): mysqli->query('INSERT INTO `mh...', 0)
#1 C:\xampp\htdocs\ci4\system\Database\BaseConnection.php(670): CodeIgniter\Database\MySQLi\Connection->execute('INSERT INTO `mh...')
#2 C:\xampp\htdocs\ci4\system\Database\BaseConnection.php(598): CodeIgniter\Database\BaseConnection->simpleQuery('INSERT INTO `mh...')
#3 C:\xampp\htdocs\ci4\system\Database\BaseBuilder.php(1771): CodeIgniter\Database\BaseConnection->query('INSERT INTO `mh...', Array, false)
#4 C:\xampp\htdocs\ci4\system\Model.php(239): CodeIgniter\Database\BaseBuilder->insert()
#5 C:\xampp\htdocs\ci4\system\BaseModel.php(738): CodeIgniter\Model->doInsert(Array)
#6 C:\xampp\htdocs\ci4\system\Model.php(625): CodeIgniter\BaseModel->insert(Array, true)
#7 C:\xampp\htdocs\ci4\app\Controllers\tes.php(31): CodeIgniter\Model->insert(Array)
#8 C:\xampp\htdocs\ci4\system\CodeIgniter.php(832): App\Controllers\tes->store()
#9 C:\xampp\htdocs\ci4\system\CodeIgniter.php(419): CodeIgniter\CodeIgniter->runController(Object(App\Controllers\tes))
#10 C:\xampp\htdocs\ci4\system\CodeIgniter.php(326): CodeIgniter\CodeIgniter->handleRequest(NULL, Object(Config\Cache), false)
#11 C:\xampp\htdocs\ci4\public\index.php(37): CodeIgniter\CodeIgniter->run()
#12 {main}
ERROR - 2022-06-11 23:30:03 --> Column 'npm' cannot be null
CRITICAL - 2022-06-11 23:30:03 --> Column 'npm' cannot be null
#0 C:\xampp\htdocs\ci4\system\Database\MySQLi\Connection.php(292): mysqli->query('INSERT INTO `mh...', 0)
#1 C:\xampp\htdocs\ci4\system\Database\BaseConnection.php(670): CodeIgniter\Database\MySQLi\Connection->execute('INSERT INTO `mh...')
#2 C:\xampp\htdocs\ci4\system\Database\BaseConnection.php(598): CodeIgniter\Database\BaseConnection->simpleQuery('INSERT INTO `mh...')
#3 C:\xampp\htdocs\ci4\system\Database\BaseBuilder.php(1771): CodeIgniter\Database\BaseConnection->query('INSERT INTO `mh...', Array, false)
#4 C:\xampp\htdocs\ci4\system\Model.php(239): CodeIgniter\Database\BaseBuilder->insert()
#5 C:\xampp\htdocs\ci4\system\BaseModel.php(738): CodeIgniter\Model->doInsert(Array)
#6 C:\xampp\htdocs\ci4\system\Model.php(625): CodeIgniter\BaseModel->insert(Array, true)
#7 C:\xampp\htdocs\ci4\app\Controllers\tes.php(31): CodeIgniter\Model->insert(Array)
#8 C:\xampp\htdocs\ci4\system\CodeIgniter.php(832): App\Controllers\tes->store()
#9 C:\xampp\htdocs\ci4\system\CodeIgniter.php(419): CodeIgniter\CodeIgniter->runController(Object(App\Controllers\tes))
#10 C:\xampp\htdocs\ci4\system\CodeIgniter.php(326): CodeIgniter\CodeIgniter->handleRequest(NULL, Object(Config\Cache), false)
#11 C:\xampp\htdocs\ci4\public\index.php(37): CodeIgniter\CodeIgniter->run()
#12 {main}
ERROR - 2022-06-11 23:30:40 --> Column 'npm' cannot be null
CRITICAL - 2022-06-11 23:30:40 --> Column 'npm' cannot be null
#0 C:\xampp\htdocs\ci4\system\Database\MySQLi\Connection.php(292): mysqli->query('INSERT INTO `mh...', 0)
#1 C:\xampp\htdocs\ci4\system\Database\BaseConnection.php(670): CodeIgniter\Database\MySQLi\Connection->execute('INSERT INTO `mh...')
#2 C:\xampp\htdocs\ci4\system\Database\BaseConnection.php(598): CodeIgniter\Database\BaseConnection->simpleQuery('INSERT INTO `mh...')
#3 C:\xampp\htdocs\ci4\system\Database\BaseBuilder.php(1771): CodeIgniter\Database\BaseConnection->query('INSERT INTO `mh...', Array, false)
#4 C:\xampp\htdocs\ci4\system\Model.php(239): CodeIgniter\Database\BaseBuilder->insert()
#5 C:\xampp\htdocs\ci4\system\BaseModel.php(738): CodeIgniter\Model->doInsert(Array)
#6 C:\xampp\htdocs\ci4\system\Model.php(625): CodeIgniter\BaseModel->insert(Array, true)
#7 C:\xampp\htdocs\ci4\app\Controllers\tes.php(31): CodeIgniter\Model->insert(Array)
#8 C:\xampp\htdocs\ci4\system\CodeIgniter.php(832): App\Controllers\tes->store()
#9 C:\xampp\htdocs\ci4\system\CodeIgniter.php(419): CodeIgniter\CodeIgniter->runController(Object(App\Controllers\tes))
#10 C:\xampp\htdocs\ci4\system\CodeIgniter.php(326): CodeIgniter\CodeIgniter->handleRequest(NULL, Object(Config\Cache), false)
#11 C:\xampp\htdocs\ci4\public\index.php(37): CodeIgniter\CodeIgniter->run()
#12 {main}
ERROR - 2022-06-11 23:30:54 --> Column 'npm' cannot be null
CRITICAL - 2022-06-11 23:30:54 --> Column 'npm' cannot be null
#0 C:\xampp\htdocs\ci4\system\Database\MySQLi\Connection.php(292): mysqli->query('INSERT INTO `mh...', 0)
#1 C:\xampp\htdocs\ci4\system\Database\BaseConnection.php(670): CodeIgniter\Database\MySQLi\Connection->execute('INSERT INTO `mh...')
#2 C:\xampp\htdocs\ci4\system\Database\BaseConnection.php(598): CodeIgniter\Database\BaseConnection->simpleQuery('INSERT INTO `mh...')
#3 C:\xampp\htdocs\ci4\system\Database\BaseBuilder.php(1771): CodeIgniter\Database\BaseConnection->query('INSERT INTO `mh...', Array, false)
#4 C:\xampp\htdocs\ci4\system\Model.php(239): CodeIgniter\Database\BaseBuilder->insert()
#5 C:\xampp\htdocs\ci4\system\BaseModel.php(738): CodeIgniter\Model->doInsert(Array)
#6 C:\xampp\htdocs\ci4\system\Model.php(625): CodeIgniter\BaseModel->insert(Array, true)
#7 C:\xampp\htdocs\ci4\app\Controllers\tes.php(31): CodeIgniter\Model->insert(Array)
#8 C:\xampp\htdocs\ci4\system\CodeIgniter.php(832): App\Controllers\tes->store()
#9 C:\xampp\htdocs\ci4\system\CodeIgniter.php(419): CodeIgniter\CodeIgniter->runController(Object(App\Controllers\tes))
#10 C:\xampp\htdocs\ci4\system\CodeIgniter.php(326): CodeIgniter\CodeIgniter->handleRequest(NULL, Object(Config\Cache), false)
#11 C:\xampp\htdocs\ci4\public\index.php(37): CodeIgniter\CodeIgniter->run()
#12 {main}
CRITICAL - 2022-06-11 23:33:59 --> Undefined array key "id"
#0 C:\xampp\htdocs\ci4\app\Views\tes\edit.php(4): CodeIgniter\Debug\Exceptions->errorHandler(2, 'Undefined array...', 'C:\\xampp\\htdocs...', 4)
#1 C:\xampp\htdocs\ci4\system\View\View.php(210): include('C:\\xampp\\htdocs...')
#2 C:\xampp\htdocs\ci4\system\View\View.php(213): CodeIgniter\View\View->CodeIgniter\View\{closure}()
#3 C:\xampp\htdocs\ci4\system\Common.php(1089): CodeIgniter\View\View->render('tes/edit', Array, true)
#4 C:\xampp\htdocs\ci4\app\Controllers\tes.php(46): view('tes/edit', Array)
#5 C:\xampp\htdocs\ci4\system\CodeIgniter.php(832): App\Controllers\tes->edit('1')
#6 C:\xampp\htdocs\ci4\system\CodeIgniter.php(419): CodeIgniter\CodeIgniter->runController(Object(App\Controllers\tes))
#7 C:\xampp\htdocs\ci4\system\CodeIgniter.php(326): CodeIgniter\CodeIgniter->handleRequest(NULL, Object(Config\Cache), false)
#8 C:\xampp\htdocs\ci4\public\index.php(37): CodeIgniter\CodeIgniter->run()
#9 {main}
ERROR - 2022-06-11 23:34:28 --> Column 'npm' cannot be null
CRITICAL - 2022-06-11 23:34:28 --> Column 'npm' cannot be null
#0 C:\xampp\htdocs\ci4\system\Database\MySQLi\Connection.php(292): mysqli->query('INSERT INTO `mh...', 0)
#1 C:\xampp\htdocs\ci4\system\Database\BaseConnection.php(670): CodeIgniter\Database\MySQLi\Connection->execute('INSERT INTO `mh...')
#2 C:\xampp\htdocs\ci4\system\Database\BaseConnection.php(598): CodeIgniter\Database\BaseConnection->simpleQuery('INSERT INTO `mh...')
#3 C:\xampp\htdocs\ci4\system\Database\BaseBuilder.php(1771): CodeIgniter\Database\BaseConnection->query('INSERT INTO `mh...', Array, false)
#4 C:\xampp\htdocs\ci4\system\Model.php(239): CodeIgniter\Database\BaseBuilder->insert()
#5 C:\xampp\htdocs\ci4\system\BaseModel.php(738): CodeIgniter\Model->doInsert(Array)
#6 C:\xampp\htdocs\ci4\system\Model.php(625): CodeIgniter\BaseModel->insert(Array, true)
#7 C:\xampp\htdocs\ci4\app\Controllers\tes.php(31): CodeIgniter\Model->insert(Array)
#8 C:\xampp\htdocs\ci4\system\CodeIgniter.php(832): App\Controllers\tes->store()
#9 C:\xampp\htdocs\ci4\system\CodeIgniter.php(419): CodeIgniter\CodeIgniter->runController(Object(App\Controllers\tes))
#10 C:\xampp\htdocs\ci4\system\CodeIgniter.php(326): CodeIgniter\CodeIgniter->handleRequest(NULL, Object(Config\Cache), false)
#11 C:\xampp\htdocs\ci4\public\index.php(37): CodeIgniter\CodeIgniter->run()
#12 {main}
